<?xml version="1.0" encoding="UTF-8"?>
<!-- Generated by org.testng.reporters.JUnitReportReporter -->
<testsuite skipped="0" hostname="Dell" name="main.landing" tests="1" failures="0" timestamp="06 May 2019 20:52:33 GMT" time="16.555" errors="0">
  <testcase name="getdata" time="16.555" classname="main.landing"/>
</testsuite> <!-- main.landing -->
